<?xml version="1.0" encoding="UTF-8"?>
<robot generator="Robot 7.2.2 (Python 3.12.10 on darwin)" generated="2025-05-24T14:37:30.884100" rpa="false" schemaversion="5">
<suite id="s1" name="Tests" source="/Users/jeremiahtagacay/Documents/GitHub/jtagacay/ultimateqa/Tests">
<suite id="s1-s1" name="Tests" source="/Users/jeremiahtagacay/Documents/GitHub/jtagacay/ultimateqa/Tests/tests.robot">
<test id="s1-s1-t1" name="Opening the browser and go to the ultimateqa" line="6">
<kw name="Given Open the Browser and Go To URL" owner="commonApp">
<kw name="Given Open Browser" owner="Common">
<kw name="Evaluate" owner="BuiltIn">
<msg time="2025-05-24T14:37:31.056799" level="INFO">${chrome_options} = &lt;selenium.webdriver.chrome.options.Options object at 0x10292a5d0&gt;</msg>
<var>${chrome_options}</var>
<arg>selenium.webdriver.ChromeOptions()</arg>
<doc>Evaluates the given expression in Python and returns the result.</doc>
<status status="PASS" start="2025-05-24T14:37:31.056637" elapsed="0.000187"/>
</kw>
<kw name="Create Dictionary" owner="BuiltIn">
<msg time="2025-05-24T14:37:31.057063" level="INFO">${prefs} = {'credentials_enable_service': False}</msg>
<var>${prefs}</var>
<arg>credentials_enable_service=${false}</arg>
<doc>Creates and returns a dictionary based on the given ``items``.</doc>
<status status="PASS" start="2025-05-24T14:37:31.056912" elapsed="0.000166"/>
</kw>
<kw name="Call Method" owner="BuiltIn">
<arg>${chrome_options}</arg>
<arg>add_argument</arg>
<arg>--window-size\=1366,768</arg>
<doc>Calls the named method of the given object with the provided arguments.</doc>
<status status="PASS" start="2025-05-24T14:37:31.057133" elapsed="0.000070"/>
</kw>
<kw name="Call Method" owner="BuiltIn">
<arg>${chrome_options}</arg>
<arg>add_experimental_option</arg>
<arg>prefs</arg>
<arg>${prefs}</arg>
<doc>Calls the named method of the given object with the provided arguments.</doc>
<status status="PASS" start="2025-05-24T14:37:31.057252" elapsed="0.000064"/>
</kw>
<kw name="Call Method" owner="BuiltIn">
<arg>${chrome_options}</arg>
<arg>add_argument</arg>
<arg>--disable-infobars</arg>
<doc>Calls the named method of the given object with the provided arguments.</doc>
<status status="PASS" start="2025-05-24T14:37:31.057361" elapsed="0.000049"/>
</kw>
<kw name="Call Method" owner="BuiltIn">
<arg>${chrome_options}</arg>
<arg>add_argument</arg>
<arg>--disable-notifications</arg>
<doc>Calls the named method of the given object with the provided arguments.</doc>
<status status="PASS" start="2025-05-24T14:37:31.057454" elapsed="0.000046"/>
</kw>
<kw name="Create Webdriver" owner="SeleniumLibrary">
<msg time="2025-05-24T14:37:31.057638" level="INFO">Creating an instance of the Chrome WebDriver.</msg>
<arg>Chrome</arg>
<arg>options=${chrome_options}</arg>
<doc>Creates an instance of Selenium WebDriver.</doc>
<status status="PASS" start="2025-05-24T14:37:31.057550" elapsed="0.955873"/>
</kw>
<kw name="Maximize Browser Window" owner="SeleniumLibrary">
<doc>Maximizes current browser window.</doc>
<status status="PASS" start="2025-05-24T14:37:32.013756" elapsed="0.371194"/>
</kw>
<status status="PASS" start="2025-05-24T14:37:31.056283" elapsed="1.328807"/>
</kw>
<kw name="Then Open the url" owner="Common">
<kw name="Go To" owner="SeleniumLibrary">
<msg time="2025-05-24T14:37:32.385693" level="INFO">Opening url 'https://ultimateqa.com/automation'</msg>
<arg>${URL}</arg>
<doc>Navigates the current browser window to the provided ``url``.</doc>
<status status="PASS" start="2025-05-24T14:37:32.385552" elapsed="1.424088"/>
</kw>
<kw name="Sleep" owner="BuiltIn">
<msg time="2025-05-24T14:37:38.811992" level="INFO">Slept 5 seconds.</msg>
<arg>${timer}</arg>
<doc>Pauses the test executed for the given time.</doc>
<status status="PASS" start="2025-05-24T14:37:33.809797" elapsed="5.002606"/>
</kw>
<status status="PASS" start="2025-05-24T14:37:32.385254" elapsed="6.427471"/>
</kw>
<status status="PASS" start="2025-05-24T14:37:31.056079" elapsed="7.756790"/>
</kw>
<status status="PASS" start="2025-05-24T14:37:31.055595" elapsed="7.757926"/>
</test>
<test id="s1-s1-t2" name="Validate the Home Page" line="9">
<kw name="Given Validate the home page" owner="homeApp">
<kw name="Given Home page title" owner="Home">
<kw name="Wait Until Page Contains" owner="SeleniumLibrary">
<arg>Automation Practice</arg>
<doc>Waits until ``text`` appears on the current page.</doc>
<status status="PASS" start="2025-05-24T14:37:38.816036" elapsed="0.018470"/>
</kw>
<kw name="Wait Until Page Contains" owner="SeleniumLibrary">
<arg>Use your skills to learn how to automate different scenarios</arg>
<doc>Waits until ``text`` appears on the current page.</doc>
<status status="PASS" start="2025-05-24T14:37:38.834736" elapsed="0.012463"/>
</kw>
<status status="PASS" start="2025-05-24T14:37:38.815652" elapsed="0.031655"/>
</kw>
<kw name="Then Home page categories" owner="Home">
<kw name="Page Should Contain" owner="SeleniumLibrary">
<msg time="2025-05-24T14:37:38.859545" level="INFO">Current page contains text 'Big page with many elements'.</msg>
<arg>${HOME_CATEGORIES}[0]</arg>
<doc>Verifies that current page contains ``text``.</doc>
<status status="PASS" start="2025-05-24T14:37:38.847810" elapsed="0.011816"/>
</kw>
<kw name="Evaluate" owner="BuiltIn">
<msg time="2025-05-24T14:37:38.860005" level="INFO">${id} = 0</msg>
<var>${id}</var>
<arg>0</arg>
<doc>Evaluates the given expression in Python and returns the result.</doc>
<status status="PASS" start="2025-05-24T14:37:38.859798" elapsed="0.000230"/>
</kw>
<for flavor="IN">
<iter>
<kw name="Page Should Contain" owner="SeleniumLibrary">
<msg time="2025-05-24T14:37:38.867071" level="INFO">Current page contains text 'Big page with many elements'.</msg>
<arg>${HOME_CATEGORIES}[${id}]</arg>
<doc>Verifies that current page contains ``text``.</doc>
<status status="PASS" start="2025-05-24T14:37:38.860370" elapsed="0.006758"/>
</kw>
<kw name="Evaluate" owner="BuiltIn">
<msg time="2025-05-24T14:37:38.867417" level="INFO">${id} = 1</msg>
<var>${id}</var>
<arg>${id}+1</arg>
<doc>Evaluates the given expression in Python and returns the result.</doc>
<status status="PASS" start="2025-05-24T14:37:38.867243" elapsed="0.000193"/>
</kw>
<var name="${cur_id}">['Big page with many elements', 'Fake Landing Page', 'Fake Pricing Page', 'Fill out forms', 'Learn how to automate an application that evolves over time', 'Login automation', 'Interactions with simple...</var>
<status status="PASS" start="2025-05-24T14:37:38.860274" elapsed="0.007196"/>
</iter>
<var>${cur_id}</var>
<value>${HOME_CATEGORIES}</value>
<status status="PASS" start="2025-05-24T14:37:38.860111" elapsed="0.007404"/>
</for>
<status status="PASS" start="2025-05-24T14:37:38.847554" elapsed="0.020026"/>
</kw>
<status status="PASS" start="2025-05-24T14:37:38.815140" elapsed="0.052481"/>
</kw>
<status status="PASS" start="2025-05-24T14:37:38.814107" elapsed="0.053655"/>
</test>
<status status="PASS" start="2025-05-24T14:37:30.900660" elapsed="7.967446"/>
</suite>
<status status="PASS" start="2025-05-24T14:37:30.885173" elapsed="7.983306"/>
</suite>
<statistics>
<total>
<stat pass="2" fail="0" skip="0">All Tests</stat>
</total>
<tag>
</tag>
<suite>
<stat name="Tests" id="s1" pass="2" fail="0" skip="0">Tests</stat>
<stat name="Tests" id="s1-s1" pass="2" fail="0" skip="0">Tests.Tests</stat>
</suite>
</statistics>
<errors>
</errors>
</robot>
